Using pre-set license
Built from '2020.3/staging' branch; Version is '2020.3.0f1 (c7b5465681fb) revision 13088070'; Using compiler version '192528614'; Build Type 'Release'
OS: 'Windows 10 Home; OS build 19042.867; Version 2009; 64bit' Language: 'en' Physical Memory: 14283 MB
BatchMode: 1, IsHumanControllingUs: 0, StartBugReporterOnCrash: 0, Is64bit: 1, IsPro: 0

 COMMAND LINE ARGUMENTS:
C:\Program Files\Unity\Hub\Editor\2020.3.0f1\Editor\Unity.exe
-adb2
-batchMode
-noUpm
-name
AssetImportWorker0
-projectPath
D:/Unity Games/space_shooter/Space Shooter
-logFile
Logs/AssetImportWorker0.log
-srvPort
55111
Successfully changed project path to: D:/Unity Games/space_shooter/Space Shooter
D:/Unity Games/space_shooter/Space Shooter
Using Asset Import Pipeline V2.
Refreshing native plugins compatible for Editor in 46.29 ms, found 1 plugins.
Preloading 0 native plugins for Editor in 0.00 ms.
Initialize engine version: 2020.3.0f1 (c7b5465681fb)
[Subsystems] Discovering subsystems at path C:/Program Files/Unity/Hub/Editor/2020.3.0f1/Editor/Data/Resources/UnitySubsystems
[Subsystems] Discovering subsystems at path D:/Unity Games/space_shooter/Space Shooter/Assets
GfxDevice: creating device client; threaded=0
Direct3D:
    Version:  Direct3D 11.0 [level 11.1]
    Renderer: AMD Radeon(TM) RX Vega 10 Graphics (ID=0x15d8)
    Vendor:   
    VRAM:     7141 MB
    Driver:   27.20.14501.28009
Initialize mono
Mono path[0] = 'C:/Program Files/Unity/Hub/Editor/2020.3.0f1/Editor/Data/Managed'
Mono path[1] = 'C:/Program Files/Unity/Hub/Editor/2020.3.0f1/Editor/Data/MonoBleedingEdge/lib/mono/unityjit'
Mono config path = 'C:/Program Files/Unity/Hub/Editor/2020.3.0f1/Editor/Data/MonoBleedingEdge/etc'
Using monoOptions --debugger-agent=transport=dt_socket,embedding=1,server=y,suspend=n,address=127.0.0.1:56140
Begin MonoManager ReloadAssembly
Registering precompiled unity dll's ...
Register platform support module: C:/Program Files/Unity/Hub/Editor/2020.3.0f1/Editor/Data/PlaybackEngines/WindowsStandaloneSupport/UnityEditor.WindowsStandalone.Extensions.dll
Registered in 0.002562 seconds.
Native extension for WindowsStandalone target not found
Refreshing native plugins compatible for Editor in 46.66 ms, found 1 plugins.
Preloading 0 native plugins for Editor in 0.00 ms.
Invoked RoslynAnalysisRunner static constructor.
RoslynAnalysisRunner will not be running.
RoslynAnalysisRunner has terminated.
Mono: successfully reloaded assembly
- Completed reload, in  2.665 seconds
Platform modules already initialized, skipping
Registering precompiled user dll's ...
Registered in 0.001350 seconds.
Begin MonoManager ReloadAssembly
Native extension for WindowsStandalone target not found
Refreshing native plugins compatible for Editor in 44.14 ms, found 1 plugins.
Preloading 0 native plugins for Editor in 0.00 ms.
Invoked RoslynAnalysisRunner static constructor.
RoslynAnalysisRunner will not be running.
RoslynAnalysisRunner has terminated.
Mono: successfully reloaded assembly
- Completed reload, in  1.189 seconds
Platform modules already initialized, skipping
========================================================================
Worker process is ready to serve import requests
Launched and connected shader compiler UnityShaderCompiler.exe after 0.05 seconds
Refreshing native plugins compatible for Editor in 0.81 ms, found 1 plugins.
Preloading 0 native plugins for Editor in 0.00 ms.
Unloading 1807 Unused Serialized files (Serialized files now loaded: 0)
System memory in use before: 84.6 MB.
System memory in use after: 84.6 MB.

Unloading 24 unused Assets to reduce memory usage. Loaded Objects now: 2250.
Total: 3.145200 ms (FindLiveObjects: 0.367500 ms CreateObjectMapping: 0.115900 ms MarkObjects: 2.473500 ms  DeleteObjects: 0.186800 ms)

========================================================================
Received Import Request.
  path: Assets/Prefabs/Player.prefab
  artifactKey: Guid(025b9f879ca67b64e977e25434fb9bf6) Importer(815301076,1909f56bfc062723c751e8b465ee728b)
Start importing Assets/Prefabs/Player.prefab using Guid(025b9f879ca67b64e977e25434fb9bf6) Importer(815301076,1909f56bfc062723c751e8b465ee728b)  -> (artifact id: '7db350170bf59a24696bbd4efd2b7f69') in 0.125628 seconds
  Import took 0.130368 seconds .

========================================================================
Received Import Request.
  Time since last request: 0.000360 seconds.
  path: Assets/Prefabs/Enemy.prefab
  artifactKey: Guid(aac4506fe0f8b934e8398ad5f3e6a340) Importer(815301076,1909f56bfc062723c751e8b465ee728b)
Start importing Assets/Prefabs/Enemy.prefab using Guid(aac4506fe0f8b934e8398ad5f3e6a340) Importer(815301076,1909f56bfc062723c751e8b465ee728b)  -> (artifact id: 'ce609d013dd572b0b1570402020120af') in 0.020063 seconds
  Import took 0.024587 seconds .

========================================================================
Received Import Request.
  Time since last request: 2.440961 seconds.
  path: Assets/Prefabs/Canvas.prefab
  artifactKey: Guid(e09a36943466bb5449bf2b748c9fbba2) Importer(815301076,1909f56bfc062723c751e8b465ee728b)
Start importing Assets/Prefabs/Canvas.prefab using Guid(e09a36943466bb5449bf2b748c9fbba2) Importer(815301076,1909f56bfc062723c751e8b465ee728b)  -> (artifact id: '7733a69a96147b60773e27b19bec28a1') in 0.010797 seconds
  Import took 0.015654 seconds .

========================================================================
Received Import Request.
  Time since last request: 1.507141 seconds.
  path: Assets/Prefabs/Background.prefab
  artifactKey: Guid(c0a52859b4a78004ea1682fd80a0f5f2) Importer(815301076,1909f56bfc062723c751e8b465ee728b)
Start importing Assets/Prefabs/Background.prefab using Guid(c0a52859b4a78004ea1682fd80a0f5f2) Importer(815301076,1909f56bfc062723c751e8b465ee728b)  -> (artifact id: '98a5ad72185127bf5c884b962c167a96') in 0.020608 seconds
  Import took 0.025226 seconds .

========================================================================
Received Import Request.
  Time since last request: 1.518036 seconds.
  path: Assets/Prefabs/Main Camera.prefab
  artifactKey: Guid(dce685b968c467b47979831ac44a0098) Importer(815301076,1909f56bfc062723c751e8b465ee728b)
Start importing Assets/Prefabs/Main Camera.prefab using Guid(dce685b968c467b47979831ac44a0098) Importer(815301076,1909f56bfc062723c751e8b465ee728b)  -> (artifact id: 'cd9f1a9354a0e279a4825bc63235e540') in 0.008010 seconds
  Import took 0.012572 seconds .

========================================================================
Received Import Request.
  Time since last request: 0.002941 seconds.
  path: Assets/Prefabs/Main Camera.prefab
  artifactKey: Guid(dce685b968c467b47979831ac44a0098) Importer(815301076,1909f56bfc062723c751e8b465ee728b)
Start importing Assets/Prefabs/Main Camera.prefab using Guid(dce685b968c467b47979831ac44a0098) Importer(815301076,1909f56bfc062723c751e8b465ee728b)  -> (artifact id: 'cd9f1a9354a0e279a4825bc63235e540') in 0.005291 seconds
  Import took 0.010261 seconds .

========================================================================
Received Import Request.
  Time since last request: 41.151864 seconds.
  path: Assets/Prefabs/laserGreen02.prefab
  artifactKey: Guid(357f3b622c9ad9c4bb1863deb33bf038) Importer(815301076,1909f56bfc062723c751e8b465ee728b)
Start importing Assets/Prefabs/laserGreen02.prefab using Guid(357f3b622c9ad9c4bb1863deb33bf038) Importer(815301076,1909f56bfc062723c751e8b465ee728b)  -> (artifact id: '122d6c979b30da9ba399b8d243e06249') in 0.028660 seconds
  Import took 0.033447 seconds .

========================================================================
Received Import Request.
  Time since last request: 0.003484 seconds.
  path: Assets/Prefabs/laserGreen02.prefab
  artifactKey: Guid(357f3b622c9ad9c4bb1863deb33bf038) Importer(815301076,1909f56bfc062723c751e8b465ee728b)
Start importing Assets/Prefabs/laserGreen02.prefab using Guid(357f3b622c9ad9c4bb1863deb33bf038) Importer(815301076,1909f56bfc062723c751e8b465ee728b)  -> (artifact id: '122d6c979b30da9ba399b8d243e06249') in 0.013671 seconds
  Import took 0.018712 seconds .

========================================================================
Received Import Request.
  Time since last request: 14.810064 seconds.
  path: Assets/Prefabs/Game Laser.prefab
  artifactKey: Guid(357f3b622c9ad9c4bb1863deb33bf038) Importer(815301076,1909f56bfc062723c751e8b465ee728b)
Start importing Assets/Prefabs/Game Laser.prefab using Guid(357f3b622c9ad9c4bb1863deb33bf038) Importer(815301076,1909f56bfc062723c751e8b465ee728b)  -> (artifact id: '2c57df23705865a6ed793e9d8ed5181d') in 0.020802 seconds
  Import took 0.025479 seconds .

========================================================================
Received Import Request.
  Time since last request: 72.881096 seconds.
  path: Assets/Prefabs/Game Laser.prefab
  artifactKey: Guid(357f3b622c9ad9c4bb1863deb33bf038) Importer(815301076,1909f56bfc062723c751e8b465ee728b)
Start importing Assets/Prefabs/Game Laser.prefab using Guid(357f3b622c9ad9c4bb1863deb33bf038) Importer(815301076,1909f56bfc062723c751e8b465ee728b)  -> (artifact id: 'ef9f6ba2b32214c7531a865878705fe1') in 0.012967 seconds
  Import took 0.018066 seconds .

========================================================================
Received Import Request.
  Time since last request: 0.003548 seconds.
  path: Assets/Prefabs/Game Laser.prefab
  artifactKey: Guid(357f3b622c9ad9c4bb1863deb33bf038) Importer(815301076,1909f56bfc062723c751e8b465ee728b)
Start importing Assets/Prefabs/Game Laser.prefab using Guid(357f3b622c9ad9c4bb1863deb33bf038) Importer(815301076,1909f56bfc062723c751e8b465ee728b)  -> (artifact id: 'ef9f6ba2b32214c7531a865878705fe1') in 0.012181 seconds
  Import took 0.016418 seconds .

========================================================================
Received Prepare
Registering precompiled user dll's ...
Registered in 0.001238 seconds.
Begin MonoManager ReloadAssembly
Native extension for WindowsStandalone target not found
Refreshing native plugins compatible for Editor in 0.54 ms, found 1 plugins.
Preloading 0 native plugins for Editor in 0.00 ms.
Invoked RoslynAnalysisRunner static constructor.
RoslynAnalysisRunner will not be running.
RoslynAnalysisRunner has terminated.
Mono: successfully reloaded assembly
- Completed reload, in  1.109 seconds
Platform modules already initialized, skipping
Refreshing native plugins compatible for Editor in 0.45 ms, found 1 plugins.
Preloading 0 native plugins for Editor in 0.00 ms.
Unloading 1802 Unused Serialized files (Serialized files now loaded: 0)
System memory in use before: 87.7 MB.
System memory in use after: 87.7 MB.

Unloading 12 unused Assets to reduce memory usage. Loaded Objects now: 2261.
Total: 2.670200 ms (FindLiveObjects: 0.255700 ms CreateObjectMapping: 0.055200 ms MarkObjects: 2.202300 ms  DeleteObjects: 0.155500 ms)

========================================================================
Received Import Request.
  Time since last request: 223.763552 seconds.
  path: Assets/Prefabs/Player.prefab
  artifactKey: Guid(025b9f879ca67b64e977e25434fb9bf6) Importer(815301076,1909f56bfc062723c751e8b465ee728b)
Start importing Assets/Prefabs/Player.prefab using Guid(025b9f879ca67b64e977e25434fb9bf6) Importer(815301076,1909f56bfc062723c751e8b465ee728b)  -> (artifact id: '1fe502a31d756fcbd1e06da32a5b8195') in 0.073055 seconds
  Import took 0.077687 seconds .

========================================================================
Received Import Request.
  Time since last request: 12.212517 seconds.
  path: ProjectSettings/TagManager.asset
  artifactKey: Guid(00000000000000003000000000000000) Importer(815301076,1909f56bfc062723c751e8b465ee728b)
Start importing ProjectSettings/TagManager.asset using Guid(00000000000000003000000000000000) Importer(815301076,1909f56bfc062723c751e8b465ee728b)  -> (artifact id: '779d5949113fa91bb85f64f090860d93') in 0.013930 seconds
  Import took 0.018738 seconds .

========================================================================
Received Prepare
Registering precompiled user dll's ...
Registered in 0.001184 seconds.
Begin MonoManager ReloadAssembly
Native extension for WindowsStandalone target not found
Refreshing native plugins compatible for Editor in 0.57 ms, found 1 plugins.
Preloading 0 native plugins for Editor in 0.00 ms.
Invoked RoslynAnalysisRunner static constructor.
RoslynAnalysisRunner will not be running.
RoslynAnalysisRunner has terminated.
Mono: successfully reloaded assembly
- Completed reload, in  1.735 seconds
Platform modules already initialized, skipping
Refreshing native plugins compatible for Editor in 0.55 ms, found 1 plugins.
Preloading 0 native plugins for Editor in 0.00 ms.
Unloading 1802 Unused Serialized files (Serialized files now loaded: 0)
System memory in use before: 87.7 MB.
System memory in use after: 87.7 MB.

Unloading 13 unused Assets to reduce memory usage. Loaded Objects now: 2266.
Total: 4.291000 ms (FindLiveObjects: 0.461000 ms CreateObjectMapping: 0.119200 ms MarkObjects: 3.477700 ms  DeleteObjects: 0.229400 ms)

========================================================================
Received Import Request.
  Time since last request: 99.737601 seconds.
  path: Assets/Prefabs/Game Laser.prefab
  artifactKey: Guid(357f3b622c9ad9c4bb1863deb33bf038) Importer(815301076,1909f56bfc062723c751e8b465ee728b)
Start importing Assets/Prefabs/Game Laser.prefab using Guid(357f3b622c9ad9c4bb1863deb33bf038) Importer(815301076,1909f56bfc062723c751e8b465ee728b)  -> (artifact id: '70e57a5c0b7122d3714a32838825e73e') in 0.105539 seconds
  Import took 0.112077 seconds .

========================================================================
Received Prepare
Registering precompiled user dll's ...
Registered in 0.000960 seconds.
Begin MonoManager ReloadAssembly
Native extension for WindowsStandalone target not found
Refreshing native plugins compatible for Editor in 0.74 ms, found 1 plugins.
Preloading 0 native plugins for Editor in 0.00 ms.
Invoked RoslynAnalysisRunner static constructor.
RoslynAnalysisRunner will not be running.
RoslynAnalysisRunner has terminated.
Mono: successfully reloaded assembly
- Completed reload, in  1.424 seconds
Platform modules already initialized, skipping
Refreshing native plugins compatible for Editor in 0.44 ms, found 1 plugins.
Preloading 0 native plugins for Editor in 0.00 ms.
Unloading 1802 Unused Serialized files (Serialized files now loaded: 0)
System memory in use before: 87.8 MB.
System memory in use after: 87.8 MB.

Unloading 12 unused Assets to reduce memory usage. Loaded Objects now: 2271.
Total: 2.899000 ms (FindLiveObjects: 0.449200 ms CreateObjectMapping: 0.052400 ms MarkObjects: 2.244500 ms  DeleteObjects: 0.150700 ms)

========================================================================
Received Prepare
Registering precompiled user dll's ...
Registered in 0.000975 seconds.
Begin MonoManager ReloadAssembly
Native extension for WindowsStandalone target not found
Refreshing native plugins compatible for Editor in 0.44 ms, found 1 plugins.
Preloading 0 native plugins for Editor in 0.00 ms.
Invoked RoslynAnalysisRunner static constructor.
RoslynAnalysisRunner will not be running.
RoslynAnalysisRunner has terminated.
Mono: successfully reloaded assembly
- Completed reload, in  1.106 seconds
Platform modules already initialized, skipping
Refreshing native plugins compatible for Editor in 0.48 ms, found 1 plugins.
Preloading 0 native plugins for Editor in 0.00 ms.
Unloading 1802 Unused Serialized files (Serialized files now loaded: 0)
System memory in use before: 87.8 MB.
System memory in use after: 87.8 MB.

Unloading 12 unused Assets to reduce memory usage. Loaded Objects now: 2275.
Total: 2.614500 ms (FindLiveObjects: 0.305700 ms CreateObjectMapping: 0.086300 ms MarkObjects: 2.066000 ms  DeleteObjects: 0.155200 ms)

========================================================================
Received Prepare
Registering precompiled user dll's ...
Registered in 0.001020 seconds.
Begin MonoManager ReloadAssembly
Native extension for WindowsStandalone target not found
Refreshing native plugins compatible for Editor in 0.44 ms, found 1 plugins.
Preloading 0 native plugins for Editor in 0.00 ms.
Invoked RoslynAnalysisRunner static constructor.
RoslynAnalysisRunner will not be running.
RoslynAnalysisRunner has terminated.
Mono: successfully reloaded assembly
- Completed reload, in  1.095 seconds
Platform modules already initialized, skipping
Refreshing native plugins compatible for Editor in 0.45 ms, found 1 plugins.
Preloading 0 native plugins for Editor in 0.00 ms.
Unloading 1802 Unused Serialized files (Serialized files now loaded: 0)
System memory in use before: 87.8 MB.
System memory in use after: 87.8 MB.

Unloading 12 unused Assets to reduce memory usage. Loaded Objects now: 2279.
Total: 2.972800 ms (FindLiveObjects: 0.257400 ms CreateObjectMapping: 0.057600 ms MarkObjects: 2.471300 ms  DeleteObjects: 0.184900 ms)

========================================================================
Received Import Request.
  Time since last request: 194.188470 seconds.
  path: Assets/Prefabs/Game Laser.prefab
  artifactKey: Guid(357f3b622c9ad9c4bb1863deb33bf038) Importer(815301076,1909f56bfc062723c751e8b465ee728b)
Start importing Assets/Prefabs/Game Laser.prefab using Guid(357f3b622c9ad9c4bb1863deb33bf038) Importer(815301076,1909f56bfc062723c751e8b465ee728b)  -> (artifact id: 'ed8414530a447af57446831ad7471bb3') in 0.067318 seconds
  Import took 0.071389 seconds .

========================================================================
Received Prepare
Registering precompiled user dll's ...
Registered in 0.000948 seconds.
Begin MonoManager ReloadAssembly
Native extension for WindowsStandalone target not found
Refreshing native plugins compatible for Editor in 0.80 ms, found 1 plugins.
Preloading 0 native plugins for Editor in 0.00 ms.
Invoked RoslynAnalysisRunner static constructor.
RoslynAnalysisRunner will not be running.
RoslynAnalysisRunner has terminated.
Mono: successfully reloaded assembly
- Completed reload, in  1.523 seconds
Platform modules already initialized, skipping
Refreshing native plugins compatible for Editor in 0.49 ms, found 1 plugins.
Preloading 0 native plugins for Editor in 0.00 ms.
Unloading 1802 Unused Serialized files (Serialized files now loaded: 0)
System memory in use before: 87.8 MB.
System memory in use after: 87.8 MB.

Unloading 12 unused Assets to reduce memory usage. Loaded Objects now: 2284.
Total: 4.655300 ms (FindLiveObjects: 0.427400 ms CreateObjectMapping: 0.127500 ms MarkObjects: 3.871100 ms  DeleteObjects: 0.226600 ms)

========================================================================
Received Import Request.
  Time since last request: 26.679874 seconds.
  path: Assets/Prefabs/Game Laser.prefab
  artifactKey: Guid(357f3b622c9ad9c4bb1863deb33bf038) Importer(815301076,1909f56bfc062723c751e8b465ee728b)
Start importing Assets/Prefabs/Game Laser.prefab using Guid(357f3b622c9ad9c4bb1863deb33bf038) Importer(815301076,1909f56bfc062723c751e8b465ee728b)  -> (artifact id: 'faa7a9b5dc7db76f4e6b141f1ef6fc42') in 0.099439 seconds
  Import took 0.104615 seconds .

========================================================================
Received Import Request.
  Time since last request: 25.911645 seconds.
  path: Assets/Prefabs/Player.prefab
  artifactKey: Guid(025b9f879ca67b64e977e25434fb9bf6) Importer(815301076,1909f56bfc062723c751e8b465ee728b)
Start importing Assets/Prefabs/Player.prefab using Guid(025b9f879ca67b64e977e25434fb9bf6) Importer(815301076,1909f56bfc062723c751e8b465ee728b)  -> (artifact id: '57003758f87f01f608467a2d68f5191c') in 0.013393 seconds
  Import took 0.018027 seconds .

========================================================================
Received Prepare
Registering precompiled user dll's ...
Registered in 0.000957 seconds.
Begin MonoManager ReloadAssembly
Native extension for WindowsStandalone target not found
Refreshing native plugins compatible for Editor in 0.44 ms, found 1 plugins.
Preloading 0 native plugins for Editor in 0.00 ms.
Invoked RoslynAnalysisRunner static constructor.
RoslynAnalysisRunner will not be running.
RoslynAnalysisRunner has terminated.
Mono: successfully reloaded assembly
- Completed reload, in  0.989 seconds
Platform modules already initialized, skipping
Refreshing native plugins compatible for Editor in 0.43 ms, found 1 plugins.
Preloading 0 native plugins for Editor in 0.00 ms.
Unloading 1802 Unused Serialized files (Serialized files now loaded: 0)
System memory in use before: 87.8 MB.
System memory in use after: 87.8 MB.

Unloading 12 unused Assets to reduce memory usage. Loaded Objects now: 2289.
Total: 2.888700 ms (FindLiveObjects: 0.341100 ms CreateObjectMapping: 0.068900 ms MarkObjects: 2.302700 ms  DeleteObjects: 0.174000 ms)

========================================================================
Received Prepare
Registering precompiled user dll's ...
Registered in 0.182939 seconds.
Begin MonoManager ReloadAssembly
Native extension for WindowsStandalone target not found
Refreshing native plugins compatible for Editor in 1.19 ms, found 1 plugins.
Preloading 0 native plugins for Editor in 0.00 ms.
Invoked RoslynAnalysisRunner static constructor.
RoslynAnalysisRunner will not be running.
RoslynAnalysisRunner has terminated.
Mono: successfully reloaded assembly
- Completed reload, in 10.588 seconds
Platform modules already initialized, skipping
Refreshing native plugins compatible for Editor in 1.03 ms, found 1 plugins.
Preloading 0 native plugins for Editor in 0.00 ms.
Unloading 1802 Unused Serialized files (Serialized files now loaded: 0)
System memory in use before: 87.9 MB.
System memory in use after: 87.8 MB.

Unloading 12 unused Assets to reduce memory usage. Loaded Objects now: 2293.
Total: 7.668500 ms (FindLiveObjects: 0.795500 ms CreateObjectMapping: 0.235500 ms MarkObjects: 6.311200 ms  DeleteObjects: 0.321400 ms)

========================================================================
Received Prepare
Registering precompiled user dll's ...
Registered in 0.001735 seconds.
Begin MonoManager ReloadAssembly
Native extension for WindowsStandalone target not found
Refreshing native plugins compatible for Editor in 1.11 ms, found 1 plugins.
Preloading 0 native plugins for Editor in 0.00 ms.
Invoked RoslynAnalysisRunner static constructor.
RoslynAnalysisRunner will not be running.
RoslynAnalysisRunner has terminated.
Mono: successfully reloaded assembly
- Completed reload, in  2.210 seconds
Platform modules already initialized, skipping
Refreshing native plugins compatible for Editor in 1.10 ms, found 1 plugins.
Preloading 0 native plugins for Editor in 0.00 ms.
Unloading 1802 Unused Serialized files (Serialized files now loaded: 0)
System memory in use before: 87.9 MB.
System memory in use after: 87.9 MB.

Unloading 12 unused Assets to reduce memory usage. Loaded Objects now: 2297.
Total: 5.630300 ms (FindLiveObjects: 0.500700 ms CreateObjectMapping: 0.137500 ms MarkObjects: 4.640400 ms  DeleteObjects: 0.349000 ms)

========================================================================
Received Prepare
Registering precompiled user dll's ...
Registered in 0.002720 seconds.
Begin MonoManager ReloadAssembly
Native extension for WindowsStandalone target not found
Refreshing native plugins compatible for Editor in 0.99 ms, found 1 plugins.
Preloading 0 native plugins for Editor in 0.00 ms.
Invoked RoslynAnalysisRunner static constructor.
RoslynAnalysisRunner will not be running.
RoslynAnalysisRunner has terminated.
Mono: successfully reloaded assembly
- Completed reload, in  2.127 seconds
Platform modules already initialized, skipping
Refreshing native plugins compatible for Editor in 1.41 ms, found 1 plugins.
Preloading 0 native plugins for Editor in 0.00 ms.
Unloading 1802 Unused Serialized files (Serialized files now loaded: 0)
System memory in use before: 87.9 MB.
System memory in use after: 87.9 MB.

Unloading 12 unused Assets to reduce memory usage. Loaded Objects now: 2301.
Total: 6.964200 ms (FindLiveObjects: 0.950800 ms CreateObjectMapping: 0.479000 ms MarkObjects: 5.196200 ms  DeleteObjects: 0.333700 ms)

========================================================================
Received Prepare
Registering precompiled user dll's ...
Registered in 0.002020 seconds.
Begin MonoManager ReloadAssembly
Native extension for WindowsStandalone target not found
Refreshing native plugins compatible for Editor in 0.89 ms, found 1 plugins.
Preloading 0 native plugins for Editor in 0.00 ms.
Invoked RoslynAnalysisRunner static constructor.
RoslynAnalysisRunner will not be running.
RoslynAnalysisRunner has terminated.
Mono: successfully reloaded assembly
- Completed reload, in  1.969 seconds
Platform modules already initialized, skipping
Refreshing native plugins compatible for Editor in 0.87 ms, found 1 plugins.
Preloading 0 native plugins for Editor in 0.00 ms.
Unloading 1803 Unused Serialized files (Serialized files now loaded: 0)
System memory in use before: 87.9 MB.
System memory in use after: 87.9 MB.

Unloading 12 unused Assets to reduce memory usage. Loaded Objects now: 2306.
Total: 6.973700 ms (FindLiveObjects: 0.591800 ms CreateObjectMapping: 0.143900 ms MarkObjects: 5.725100 ms  DeleteObjects: 0.508900 ms)

========================================================================
Received Prepare
Registering precompiled user dll's ...
Registered in 0.002290 seconds.
Begin MonoManager ReloadAssembly
Native extension for WindowsStandalone target not found
Refreshing native plugins compatible for Editor in 0.89 ms, found 1 plugins.
Preloading 0 native plugins for Editor in 0.00 ms.
Invoked RoslynAnalysisRunner static constructor.
RoslynAnalysisRunner will not be running.
RoslynAnalysisRunner has terminated.
Mono: successfully reloaded assembly
- Completed reload, in  2.035 seconds
Platform modules already initialized, skipping
Refreshing native plugins compatible for Editor in 1.09 ms, found 1 plugins.
Preloading 0 native plugins for Editor in 0.00 ms.
Unloading 1803 Unused Serialized files (Serialized files now loaded: 0)
System memory in use before: 87.9 MB.
System memory in use after: 87.9 MB.

Unloading 12 unused Assets to reduce memory usage. Loaded Objects now: 2310.
Total: 5.050600 ms (FindLiveObjects: 0.584000 ms CreateObjectMapping: 0.136400 ms MarkObjects: 4.030700 ms  DeleteObjects: 0.295200 ms)

========================================================================
Received Prepare
Registering precompiled user dll's ...
Registered in 0.002414 seconds.
Begin MonoManager ReloadAssembly
Native extension for WindowsStandalone target not found
Refreshing native plugins compatible for Editor in 0.89 ms, found 1 plugins.
Preloading 0 native plugins for Editor in 0.00 ms.
Invoked RoslynAnalysisRunner static constructor.
RoslynAnalysisRunner will not be running.
RoslynAnalysisRunner has terminated.
Mono: successfully reloaded assembly
- Completed reload, in  2.079 seconds
Platform modules already initialized, skipping
Refreshing native plugins compatible for Editor in 0.89 ms, found 1 plugins.
Preloading 0 native plugins for Editor in 0.00 ms.
Unloading 1803 Unused Serialized files (Serialized files now loaded: 0)
System memory in use before: 87.9 MB.
System memory in use after: 87.9 MB.

Unloading 12 unused Assets to reduce memory usage. Loaded Objects now: 2314.
Total: 5.751800 ms (FindLiveObjects: 0.454200 ms CreateObjectMapping: 0.126100 ms MarkObjects: 4.860800 ms  DeleteObjects: 0.307500 ms)

========================================================================
Received Import Request.
  Time since last request: 136711.388362 seconds.
  path: Assets/Scripts/Shredder.cs
  artifactKey: Guid(547a39bd8af506a4d80a001573e5d436) Importer(815301076,1909f56bfc062723c751e8b465ee728b)
Start importing Assets/Scripts/Shredder.cs using Guid(547a39bd8af506a4d80a001573e5d436) Importer(815301076,1909f56bfc062723c751e8b465ee728b)  -> (artifact id: '0ea570d3000b515c821d4feefb6a4d8e') in 0.158580 seconds
  Import took 0.166518 seconds .

========================================================================
Received Prepare
Registering precompiled user dll's ...
Registered in 0.002263 seconds.
Begin MonoManager ReloadAssembly
Native extension for WindowsStandalone target not found
Refreshing native plugins compatible for Editor in 1.06 ms, found 1 plugins.
Preloading 0 native plugins for Editor in 0.00 ms.
Invoked RoslynAnalysisRunner static constructor.
RoslynAnalysisRunner will not be running.
RoslynAnalysisRunner has terminated.
Mono: successfully reloaded assembly
- Completed reload, in  2.113 seconds
Platform modules already initialized, skipping
Refreshing native plugins compatible for Editor in 0.86 ms, found 1 plugins.
Preloading 0 native plugins for Editor in 0.00 ms.
Unloading 1803 Unused Serialized files (Serialized files now loaded: 0)
System memory in use before: 87.9 MB.
System memory in use after: 87.9 MB.

Unloading 12 unused Assets to reduce memory usage. Loaded Objects now: 2318.
Total: 4.881700 ms (FindLiveObjects: 0.681200 ms CreateObjectMapping: 0.134400 ms MarkObjects: 3.775000 ms  DeleteObjects: 0.287800 ms)

========================================================================
Received Import Request.
  Time since last request: 147.185914 seconds.
  path: Assets/Prefabs/Player.prefab
  artifactKey: Guid(025b9f879ca67b64e977e25434fb9bf6) Importer(815301076,1909f56bfc062723c751e8b465ee728b)
Start importing Assets/Prefabs/Player.prefab using Guid(025b9f879ca67b64e977e25434fb9bf6) Importer(815301076,1909f56bfc062723c751e8b465ee728b)  -> (artifact id: 'bb6b0c9cd5a9fad382337aa9079cb3b6') in 0.176011 seconds
  Import took 0.189091 seconds .

========================================================================
Received Import Request.
  Time since last request: 0.000398 seconds.
  path: Assets/Scripts/Shredder.cs
  artifactKey: Guid(547a39bd8af506a4d80a001573e5d436) Importer(815301076,1909f56bfc062723c751e8b465ee728b)
Start importing Assets/Scripts/Shredder.cs using Guid(547a39bd8af506a4d80a001573e5d436) Importer(815301076,1909f56bfc062723c751e8b465ee728b)  -> (artifact id: 'ecbea3df6c4d0b97bec80f9b4fb89ba3') in 0.005915 seconds
  Import took 0.014736 seconds .

========================================================================
Received Prepare
Registering precompiled user dll's ...
Registered in 0.002472 seconds.
Begin MonoManager ReloadAssembly
Native extension for WindowsStandalone target not found
Refreshing native plugins compatible for Editor in 0.90 ms, found 1 plugins.
Preloading 0 native plugins for Editor in 0.00 ms.
Invoked RoslynAnalysisRunner static constructor.
RoslynAnalysisRunner will not be running.
RoslynAnalysisRunner has terminated.
Mono: successfully reloaded assembly
- Completed reload, in  2.010 seconds
Platform modules already initialized, skipping
Refreshing native plugins compatible for Editor in 0.87 ms, found 1 plugins.
Preloading 0 native plugins for Editor in 0.00 ms.
Unloading 1803 Unused Serialized files (Serialized files now loaded: 0)
System memory in use before: 87.9 MB.
System memory in use after: 87.9 MB.

Unloading 12 unused Assets to reduce memory usage. Loaded Objects now: 2323.
Total: 6.632000 ms (FindLiveObjects: 0.537700 ms CreateObjectMapping: 0.135800 ms MarkObjects: 5.638300 ms  DeleteObjects: 0.314700 ms)

========================================================================
Received Import Request.
  Time since last request: 1490.598440 seconds.
  path: Assets/Prefabs/Game Laser.prefab
  artifactKey: Guid(357f3b622c9ad9c4bb1863deb33bf038) Importer(815301076,1909f56bfc062723c751e8b465ee728b)
Start importing Assets/Prefabs/Game Laser.prefab using Guid(357f3b622c9ad9c4bb1863deb33bf038) Importer(815301076,1909f56bfc062723c751e8b465ee728b)  -> (artifact id: '60bcfbbbaf1465f08faaf49b0c9d5d61') in 0.177796 seconds
  Import took 0.187526 seconds .

========================================================================
Received Prepare
Registering precompiled user dll's ...
Registered in 0.002118 seconds.
Begin MonoManager ReloadAssembly
Native extension for WindowsStandalone target not found
Refreshing native plugins compatible for Editor in 0.90 ms, found 1 plugins.
Preloading 0 native plugins for Editor in 0.00 ms.
Invoked RoslynAnalysisRunner static constructor.
RoslynAnalysisRunner will not be running.
RoslynAnalysisRunner has terminated.
Mono: successfully reloaded assembly
- Completed reload, in  2.106 seconds
Platform modules already initialized, skipping
Refreshing native plugins compatible for Editor in 0.89 ms, found 1 plugins.
Preloading 0 native plugins for Editor in 0.00 ms.
Unloading 1803 Unused Serialized files (Serialized files now loaded: 0)
System memory in use before: 88.0 MB.
System memory in use after: 87.9 MB.

Unloading 12 unused Assets to reduce memory usage. Loaded Objects now: 2328.
Total: 5.717700 ms (FindLiveObjects: 0.738400 ms CreateObjectMapping: 0.151500 ms MarkObjects: 4.517700 ms  DeleteObjects: 0.307100 ms)

========================================================================
Received Import Request.
  Time since last request: 198.891613 seconds.
  path: Assets/Prefabs/Game Laser.prefab
  artifactKey: Guid(357f3b622c9ad9c4bb1863deb33bf038) Importer(815301076,1909f56bfc062723c751e8b465ee728b)
Start importing Assets/Prefabs/Game Laser.prefab using Guid(357f3b622c9ad9c4bb1863deb33bf038) Importer(815301076,1909f56bfc062723c751e8b465ee728b)  -> (artifact id: '9260d21e3dba9aa08f051ee597785621') in 0.129228 seconds
  Import took 0.138778 seconds .

========================================================================
Received Prepare
Registering precompiled user dll's ...
Registered in 0.001778 seconds.
Begin MonoManager ReloadAssembly
Native extension for WindowsStandalone target not found
Refreshing native plugins compatible for Editor in 0.88 ms, found 1 plugins.
Preloading 0 native plugins for Editor in 0.00 ms.
Invoked RoslynAnalysisRunner static constructor.
RoslynAnalysisRunner will not be running.
RoslynAnalysisRunner has terminated.
Mono: successfully reloaded assembly
- Completed reload, in  1.963 seconds
Platform modules already initialized, skipping
Refreshing native plugins compatible for Editor in 0.87 ms, found 1 plugins.
Preloading 0 native plugins for Editor in 0.00 ms.
Unloading 1803 Unused Serialized files (Serialized files now loaded: 0)
System memory in use before: 88.0 MB.
System memory in use after: 88.0 MB.

Unloading 12 unused Assets to reduce memory usage. Loaded Objects now: 2333.
Total: 5.464500 ms (FindLiveObjects: 0.462800 ms CreateObjectMapping: 0.111500 ms MarkObjects: 4.574600 ms  DeleteObjects: 0.311400 ms)

========================================================================
Received Prepare
Registering precompiled user dll's ...
Registered in 0.002352 seconds.
Begin MonoManager ReloadAssembly
Native extension for WindowsStandalone target not found
Refreshing native plugins compatible for Editor in 1.05 ms, found 1 plugins.
Preloading 0 native plugins for Editor in 0.00 ms.
Invoked RoslynAnalysisRunner static constructor.
RoslynAnalysisRunner will not be running.
RoslynAnalysisRunner has terminated.
Mono: successfully reloaded assembly
- Completed reload, in  2.005 seconds
Platform modules already initialized, skipping
Refreshing native plugins compatible for Editor in 1.27 ms, found 1 plugins.
Preloading 0 native plugins for Editor in 0.00 ms.
Unloading 1803 Unused Serialized files (Serialized files now loaded: 0)
System memory in use before: 88.0 MB.
System memory in use after: 88.0 MB.

Unloading 12 unused Assets to reduce memory usage. Loaded Objects now: 2337.
Total: 5.785000 ms (FindLiveObjects: 0.651800 ms CreateObjectMapping: 0.217000 ms MarkObjects: 4.577900 ms  DeleteObjects: 0.334000 ms)

========================================================================
Received Prepare
Registering precompiled user dll's ...
Registered in 0.001775 seconds.
Begin MonoManager ReloadAssembly
Native extension for WindowsStandalone target not found
Refreshing native plugins compatible for Editor in 1.53 ms, found 1 plugins.
Preloading 0 native plugins for Editor in 0.00 ms.
Invoked RoslynAnalysisRunner static constructor.
RoslynAnalysisRunner will not be running.
RoslynAnalysisRunner has terminated.
Mono: successfully reloaded assembly
- Completed reload, in  1.886 seconds
Platform modules already initialized, skipping
Refreshing native plugins compatible for Editor in 1.46 ms, found 1 plugins.
Preloading 0 native plugins for Editor in 0.00 ms.
Unloading 1803 Unused Serialized files (Serialized files now loaded: 0)
System memory in use before: 88.0 MB.
System memory in use after: 88.0 MB.

Unloading 12 unused Assets to reduce memory usage. Loaded Objects now: 2341.
Total: 4.856500 ms (FindLiveObjects: 0.664200 ms CreateObjectMapping: 0.128000 ms MarkObjects: 3.763600 ms  DeleteObjects: 0.298200 ms)

========================================================================
Received Prepare
Registering precompiled user dll's ...
Registered in 0.002055 seconds.
Begin MonoManager ReloadAssembly
Native extension for WindowsStandalone target not found
Refreshing native plugins compatible for Editor in 0.90 ms, found 1 plugins.
Preloading 0 native plugins for Editor in 0.00 ms.
Invoked RoslynAnalysisRunner static constructor.
RoslynAnalysisRunner will not be running.
RoslynAnalysisRunner has terminated.
Mono: successfully reloaded assembly
- Completed reload, in  2.288 seconds
Platform modules already initialized, skipping
Refreshing native plugins compatible for Editor in 1.11 ms, found 1 plugins.
Preloading 0 native plugins for Editor in 0.00 ms.
Unloading 1803 Unused Serialized files (Serialized files now loaded: 0)
System memory in use before: 88.0 MB.
System memory in use after: 88.0 MB.

Unloading 12 unused Assets to reduce memory usage. Loaded Objects now: 2345.
Total: 4.933500 ms (FindLiveObjects: 0.588000 ms CreateObjectMapping: 0.126700 ms MarkObjects: 3.916400 ms  DeleteObjects: 0.298900 ms)

========================================================================
Received Prepare
Registering precompiled user dll's ...
Registered in 0.002423 seconds.
Begin MonoManager ReloadAssembly
Native extension for WindowsStandalone target not found
Refreshing native plugins compatible for Editor in 0.88 ms, found 1 plugins.
Preloading 0 native plugins for Editor in 0.00 ms.
Invoked RoslynAnalysisRunner static constructor.
RoslynAnalysisRunner will not be running.
RoslynAnalysisRunner has terminated.
Mono: successfully reloaded assembly
- Completed reload, in  2.064 seconds
Platform modules already initialized, skipping
Refreshing native plugins compatible for Editor in 0.86 ms, found 1 plugins.
Preloading 0 native plugins for Editor in 0.00 ms.
Unloading 1803 Unused Serialized files (Serialized files now loaded: 0)
System memory in use before: 88.0 MB.
System memory in use after: 88.0 MB.

Unloading 12 unused Assets to reduce memory usage. Loaded Objects now: 2349.
Total: 5.581000 ms (FindLiveObjects: 0.491100 ms CreateObjectMapping: 0.227200 ms MarkObjects: 4.558500 ms  DeleteObjects: 0.301300 ms)

========================================================================
Received Prepare
Registering precompiled user dll's ...
Registered in 0.001784 seconds.
Begin MonoManager ReloadAssembly
Native extension for WindowsStandalone target not found
Refreshing native plugins compatible for Editor in 0.90 ms, found 1 plugins.
Preloading 0 native plugins for Editor in 0.00 ms.
Invoked RoslynAnalysisRunner static constructor.
RoslynAnalysisRunner will not be running.
RoslynAnalysisRunner has terminated.
Mono: successfully reloaded assembly
- Completed reload, in  2.154 seconds
Platform modules already initialized, skipping
Refreshing native plugins compatible for Editor in 0.85 ms, found 1 plugins.
Preloading 0 native plugins for Editor in 0.00 ms.
Unloading 1803 Unused Serialized files (Serialized files now loaded: 0)
System memory in use before: 88.0 MB.
System memory in use after: 88.0 MB.

Unloading 12 unused Assets to reduce memory usage. Loaded Objects now: 2353.
Total: 5.201000 ms (FindLiveObjects: 0.772000 ms CreateObjectMapping: 0.088100 ms MarkObjects: 4.028500 ms  DeleteObjects: 0.307900 ms)

========================================================================
Received Prepare
Registering precompiled user dll's ...
Registered in 0.001884 seconds.
Begin MonoManager ReloadAssembly
Native extension for WindowsStandalone target not found
Refreshing native plugins compatible for Editor in 0.86 ms, found 1 plugins.
Preloading 0 native plugins for Editor in 0.00 ms.
Invoked RoslynAnalysisRunner static constructor.
RoslynAnalysisRunner will not be running.
RoslynAnalysisRunner has terminated.
Mono: successfully reloaded assembly
- Completed reload, in  1.961 seconds
Platform modules already initialized, skipping
Refreshing native plugins compatible for Editor in 0.88 ms, found 1 plugins.
Preloading 0 native plugins for Editor in 0.00 ms.
Unloading 1804 Unused Serialized files (Serialized files now loaded: 0)
System memory in use before: 88.0 MB.
System memory in use after: 88.0 MB.

Unloading 12 unused Assets to reduce memory usage. Loaded Objects now: 2358.
Total: 6.224400 ms (FindLiveObjects: 0.554700 ms CreateObjectMapping: 0.202300 ms MarkObjects: 5.101100 ms  DeleteObjects: 0.363200 ms)

========================================================================
Received Prepare
Registering precompiled user dll's ...
Registered in 0.001702 seconds.
Begin MonoManager ReloadAssembly
Native extension for WindowsStandalone target not found
Refreshing native plugins compatible for Editor in 1.13 ms, found 1 plugins.
Preloading 0 native plugins for Editor in 0.00 ms.
Invoked RoslynAnalysisRunner static constructor.
RoslynAnalysisRunner will not be running.
RoslynAnalysisRunner has terminated.
Mono: successfully reloaded assembly
- Completed reload, in  1.879 seconds
Platform modules already initialized, skipping
Refreshing native plugins compatible for Editor in 0.88 ms, found 1 plugins.
Preloading 0 native plugins for Editor in 0.00 ms.
Unloading 1804 Unused Serialized files (Serialized files now loaded: 0)
System memory in use before: 88.1 MB.
System memory in use after: 88.0 MB.

Unloading 12 unused Assets to reduce memory usage. Loaded Objects now: 2362.
Total: 5.547400 ms (FindLiveObjects: 0.477000 ms CreateObjectMapping: 0.123800 ms MarkObjects: 4.643800 ms  DeleteObjects: 0.300100 ms)

========================================================================
Received Import Request.
  Time since last request: 2648.947918 seconds.
  path: Assets/Scripts/EnemyPathing.cs
  artifactKey: Guid(ab17f917842f1074ba085c29371e0496) Importer(815301076,1909f56bfc062723c751e8b465ee728b)
Start importing Assets/Scripts/EnemyPathing.cs using Guid(ab17f917842f1074ba085c29371e0496) Importer(815301076,1909f56bfc062723c751e8b465ee728b)  -> (artifact id: 'd463c8b4a91059a5d98125b8f66c4cf4') in 0.024466 seconds
  Import took 0.032506 seconds .

========================================================================
Received Import Request.
  Time since last request: 79.966405 seconds.
  path: Assets/Scripts/EnemyPathing.cs
  artifactKey: Guid(ab17f917842f1074ba085c29371e0496) Importer(815301076,1909f56bfc062723c751e8b465ee728b)
Start importing Assets/Scripts/EnemyPathing.cs using Guid(ab17f917842f1074ba085c29371e0496) Importer(815301076,1909f56bfc062723c751e8b465ee728b)  -> (artifact id: '95bc2d96e1cb5b02b0571d4ee0ddc29d') in 0.007456 seconds
  Import took 0.018534 seconds .

========================================================================
Received Import Request.
  Time since last request: 0.006537 seconds.
  path: Assets/Scripts/EnemyPathing.cs
  artifactKey: Guid(ab17f917842f1074ba085c29371e0496) Importer(815301076,1909f56bfc062723c751e8b465ee728b)
Start importing Assets/Scripts/EnemyPathing.cs using Guid(ab17f917842f1074ba085c29371e0496) Importer(815301076,1909f56bfc062723c751e8b465ee728b)  -> (artifact id: '95bc2d96e1cb5b02b0571d4ee0ddc29d') in 0.007837 seconds
  Import took 0.016874 seconds .

========================================================================
Received Prepare
Registering precompiled user dll's ...
Registered in 0.002195 seconds.
Begin MonoManager ReloadAssembly
Native extension for WindowsStandalone target not found
Refreshing native plugins compatible for Editor in 0.88 ms, found 1 plugins.
Preloading 0 native plugins for Editor in 0.00 ms.
Invoked RoslynAnalysisRunner static constructor.
RoslynAnalysisRunner will not be running.
RoslynAnalysisRunner has terminated.
Mono: successfully reloaded assembly
- Completed reload, in  2.091 seconds
Platform modules already initialized, skipping
Refreshing native plugins compatible for Editor in 0.88 ms, found 1 plugins.
Preloading 0 native plugins for Editor in 0.00 ms.
Unloading 1804 Unused Serialized files (Serialized files now loaded: 0)
System memory in use before: 88.1 MB.
System memory in use after: 88.1 MB.

Unloading 12 unused Assets to reduce memory usage. Loaded Objects now: 2366.
Total: 5.754900 ms (FindLiveObjects: 0.508200 ms CreateObjectMapping: 0.316000 ms MarkObjects: 4.620300 ms  DeleteObjects: 0.307000 ms)

========================================================================
Received Import Request.
  Time since last request: 362.532901 seconds.
  path: Assets/Paths
  artifactKey: Guid(fe3719ce636524d49a9847ca0684aff2) Importer(815301076,1909f56bfc062723c751e8b465ee728b)
Start importing Assets/Paths using Guid(fe3719ce636524d49a9847ca0684aff2) Importer(815301076,1909f56bfc062723c751e8b465ee728b)  -> (artifact id: 'ef576e7f74c4e9f905a4bf68258663da') in 0.030978 seconds
  Import took 0.040265 seconds .

========================================================================
Received Import Request.
  Time since last request: 0.001510 seconds.
  path: Assets/Paths
  artifactKey: Guid(fe3719ce636524d49a9847ca0684aff2) Importer(815301076,1909f56bfc062723c751e8b465ee728b)
Start importing Assets/Paths using Guid(fe3719ce636524d49a9847ca0684aff2) Importer(815301076,1909f56bfc062723c751e8b465ee728b)  -> (artifact id: 'ef576e7f74c4e9f905a4bf68258663da') in 0.006940 seconds
  Import took 0.016244 seconds .

========================================================================
Received Import Request.
  Time since last request: 5.142420 seconds.
  path: Assets/Paths/Path (0).prefab
  artifactKey: Guid(5562b2d977e241a42b8cee24dcf536d2) Importer(815301076,1909f56bfc062723c751e8b465ee728b)
Start importing Assets/Paths/Path (0).prefab using Guid(5562b2d977e241a42b8cee24dcf536d2) Importer(815301076,1909f56bfc062723c751e8b465ee728b)  -> (artifact id: 'f69fff1d2c165ebde943b961f5b8f788') in 0.075031 seconds
  Import took 0.089056 seconds .

========================================================================
Received Import Request.
  Time since last request: 38.985252 seconds.
  path: Assets/Prefabs/Enemy.prefab
  artifactKey: Guid(aac4506fe0f8b934e8398ad5f3e6a340) Importer(815301076,1909f56bfc062723c751e8b465ee728b)
Start importing Assets/Prefabs/Enemy.prefab using Guid(aac4506fe0f8b934e8398ad5f3e6a340) Importer(815301076,1909f56bfc062723c751e8b465ee728b)  -> (artifact id: '56e0c9b6abb1f176cb54e1dc5055a00e') in 0.113644 seconds
  Import took 0.120052 seconds .

========================================================================
Received Import Request.
  Time since last request: 46.049190 seconds.
  path: Assets/Prefabs/Enemy.prefab
  artifactKey: Guid(aac4506fe0f8b934e8398ad5f3e6a340) Importer(815301076,1909f56bfc062723c751e8b465ee728b)
Start importing Assets/Prefabs/Enemy.prefab using Guid(aac4506fe0f8b934e8398ad5f3e6a340) Importer(815301076,1909f56bfc062723c751e8b465ee728b)  -> (artifact id: '95c65b5dc192475f87cbe35310f95741') in 0.032243 seconds
  Import took 0.041959 seconds .

========================================================================
Received Import Request.
  Time since last request: 105.017365 seconds.
  path: Assets/Prefabs/Enemy.prefab
  artifactKey: Guid(aac4506fe0f8b934e8398ad5f3e6a340) Importer(815301076,1909f56bfc062723c751e8b465ee728b)
Start importing Assets/Prefabs/Enemy.prefab using Guid(aac4506fe0f8b934e8398ad5f3e6a340) Importer(815301076,1909f56bfc062723c751e8b465ee728b)  -> (artifact id: 'e7c58001c03c490dee90a0caa7890bbc') in 0.033529 seconds
  Import took 0.043340 seconds .

========================================================================
Received Import Request.
  Time since last request: 0.001059 seconds.
  path: Assets/Prefabs/Enemy.prefab
  artifactKey: Guid(aac4506fe0f8b934e8398ad5f3e6a340) Importer(815301076,1909f56bfc062723c751e8b465ee728b)
Start importing Assets/Prefabs/Enemy.prefab using Guid(aac4506fe0f8b934e8398ad5f3e6a340) Importer(815301076,1909f56bfc062723c751e8b465ee728b)  -> (artifact id: 'e7c58001c03c490dee90a0caa7890bbc') in 0.032644 seconds
  Import took 0.039779 seconds .

========================================================================
Received Import Request.
  Time since last request: 989.800769 seconds.
  path: Assets/Paths/Path(0).prefab
  artifactKey: Guid(492767902ede9ad4b9a1b4e1bcdaa180) Importer(815301076,1909f56bfc062723c751e8b465ee728b)
Start importing Assets/Paths/Path(0).prefab using Guid(492767902ede9ad4b9a1b4e1bcdaa180) Importer(815301076,1909f56bfc062723c751e8b465ee728b)  -> (artifact id: '6c20f0def9dac35814729977009ace33') in 0.025849 seconds
  Import took 0.033953 seconds .

========================================================================
Received Import Request.
  Time since last request: 0.010810 seconds.
  path: Assets/Paths/Path(0).prefab
  artifactKey: Guid(492767902ede9ad4b9a1b4e1bcdaa180) Importer(815301076,1909f56bfc062723c751e8b465ee728b)
Start importing Assets/Paths/Path(0).prefab using Guid(492767902ede9ad4b9a1b4e1bcdaa180) Importer(815301076,1909f56bfc062723c751e8b465ee728b)  -> (artifact id: '6c20f0def9dac35814729977009ace33') in 0.011359 seconds
  Import took 0.019033 seconds .

========================================================================
Received Import Request.
  Time since last request: 53.109773 seconds.
  path: Assets/Prefabs/Enemy.prefab
  artifactKey: Guid(aac4506fe0f8b934e8398ad5f3e6a340) Importer(815301076,1909f56bfc062723c751e8b465ee728b)
Start importing Assets/Prefabs/Enemy.prefab using Guid(aac4506fe0f8b934e8398ad5f3e6a340) Importer(815301076,1909f56bfc062723c751e8b465ee728b)  -> (artifact id: 'f056dbeca704bb60ce966c67afe45b9d') in 0.072791 seconds
  Import took 0.081871 seconds .

========================================================================
Received Import Request.
  Time since last request: 411.484471 seconds.
  path: Assets/Paths/Path(0).prefab
  artifactKey: Guid(492767902ede9ad4b9a1b4e1bcdaa180) Importer(815301076,1909f56bfc062723c751e8b465ee728b)
Start importing Assets/Paths/Path(0).prefab using Guid(492767902ede9ad4b9a1b4e1bcdaa180) Importer(815301076,1909f56bfc062723c751e8b465ee728b)  -> (artifact id: '36654fbdfd0e6e7ce121270c7ec8dc94') in 0.010815 seconds
  Import took 0.021163 seconds .

========================================================================
Received Import Request.
  Time since last request: 459.617610 seconds.
  path: Assets/Paths/Path(0) 1.prefab
  artifactKey: Guid(c3d3eb24878b8ef44aa5c67ac5113daf) Importer(815301076,1909f56bfc062723c751e8b465ee728b)
Start importing Assets/Paths/Path(0) 1.prefab using Guid(c3d3eb24878b8ef44aa5c67ac5113daf) Importer(815301076,1909f56bfc062723c751e8b465ee728b)  -> (artifact id: 'ca1d794b0641320f3afc7b3727431a7c') in 0.023703 seconds
  Import took 0.033700 seconds .

========================================================================
Received Import Request.
  Time since last request: 0.012858 seconds.
  path: Assets/Paths/Path(0) 1.prefab
  artifactKey: Guid(c3d3eb24878b8ef44aa5c67ac5113daf) Importer(815301076,1909f56bfc062723c751e8b465ee728b)
Start importing Assets/Paths/Path(0) 1.prefab using Guid(c3d3eb24878b8ef44aa5c67ac5113daf) Importer(815301076,1909f56bfc062723c751e8b465ee728b)  -> (artifact id: 'ca1d794b0641320f3afc7b3727431a7c') in 0.009518 seconds
  Import took 0.017214 seconds .

========================================================================
Received Import Request.
  Time since last request: 66.083872 seconds.
  path: Assets/Paths/Path(0).prefab
  artifactKey: Guid(492767902ede9ad4b9a1b4e1bcdaa180) Importer(815301076,1909f56bfc062723c751e8b465ee728b)
Start importing Assets/Paths/Path(0).prefab using Guid(492767902ede9ad4b9a1b4e1bcdaa180) Importer(815301076,1909f56bfc062723c751e8b465ee728b)  -> (artifact id: 'b8daa2c2ec8ba74feb5718cca33eb05c') in 0.012120 seconds
  Import took 0.022448 seconds .

========================================================================
Received Import Request.
  Time since last request: 953.190854 seconds.
  path: Assets/Prefabs/Enemy.prefab
  artifactKey: Guid(aac4506fe0f8b934e8398ad5f3e6a340) Importer(815301076,1909f56bfc062723c751e8b465ee728b)
Start importing Assets/Prefabs/Enemy.prefab using Guid(aac4506fe0f8b934e8398ad5f3e6a340) Importer(815301076,1909f56bfc062723c751e8b465ee728b)  -> (artifact id: '5ab62ae4acdd656ae4833ddc27d53c4d') in 0.078870 seconds
  Import took 0.098124 seconds .

========================================================================
Received Import Request.
  Time since last request: 964.238274 seconds.
  path: Assets/Paths/Waypoint (0).prefab
  artifactKey: Guid(ef553ab41fc8bc448b0d5b2ad371c5c7) Importer(815301076,1909f56bfc062723c751e8b465ee728b)
Start importing Assets/Paths/Waypoint (0).prefab using Guid(ef553ab41fc8bc448b0d5b2ad371c5c7) Importer(815301076,1909f56bfc062723c751e8b465ee728b)  -> (artifact id: 'd99ac22a901cdef30d2e40535ea1c351') in 0.018706 seconds
  Import took 0.025368 seconds .

========================================================================
Received Import Request.
  Time since last request: 3.098499 seconds.
  path: Assets/Prefabs/Enemy.prefab
  artifactKey: Guid(aac4506fe0f8b934e8398ad5f3e6a340) Importer(815301076,1909f56bfc062723c751e8b465ee728b)
Start importing Assets/Prefabs/Enemy.prefab using Guid(aac4506fe0f8b934e8398ad5f3e6a340) Importer(815301076,1909f56bfc062723c751e8b465ee728b)  -> (artifact id: 'b964df51d7c49f04926a685cefa518cb') in 0.021157 seconds
  Import took 0.025548 seconds .

========================================================================
Received Import Request.
  Time since last request: 36.458630 seconds.
  path: Assets/Paths/Path(0).prefab
  artifactKey: Guid(492767902ede9ad4b9a1b4e1bcdaa180) Importer(815301076,1909f56bfc062723c751e8b465ee728b)
Start importing Assets/Paths/Path(0).prefab using Guid(492767902ede9ad4b9a1b4e1bcdaa180) Importer(815301076,1909f56bfc062723c751e8b465ee728b)  -> (artifact id: '7274d0161f84a7f294b470bdf0b56a3b') in 0.020852 seconds
  Import took 0.028913 seconds .

========================================================================
Received Import Request.
  Time since last request: 0.784549 seconds.
  path: Assets/Paths/Path(0).prefab
  artifactKey: Guid(492767902ede9ad4b9a1b4e1bcdaa180) Importer(815301076,1909f56bfc062723c751e8b465ee728b)
Start importing Assets/Paths/Path(0).prefab using Guid(492767902ede9ad4b9a1b4e1bcdaa180) Importer(815301076,1909f56bfc062723c751e8b465ee728b)  -> (artifact id: '9d359c788d5471d79f4b46d28abc6a85') in 0.006017 seconds
  Import took 0.013672 seconds .

========================================================================
Received Import Request.
  Time since last request: 0.392937 seconds.
  path: Assets/Paths/Path(0).prefab
  artifactKey: Guid(492767902ede9ad4b9a1b4e1bcdaa180) Importer(815301076,1909f56bfc062723c751e8b465ee728b)
Start importing Assets/Paths/Path(0).prefab using Guid(492767902ede9ad4b9a1b4e1bcdaa180) Importer(815301076,1909f56bfc062723c751e8b465ee728b)  -> (artifact id: 'e0beea023ee99578e8266627e8ad71a0') in 0.009124 seconds
  Import took 0.017195 seconds .

========================================================================
Received Import Request.
  Time since last request: 41.767095 seconds.
  path: Assets/Paths/Waypoint (1) Variant.prefab
  artifactKey: Guid(c6afcc22fde0ce64cb6a5cc8379205ce) Importer(815301076,1909f56bfc062723c751e8b465ee728b)
Start importing Assets/Paths/Waypoint (1) Variant.prefab using Guid(c6afcc22fde0ce64cb6a5cc8379205ce) Importer(815301076,1909f56bfc062723c751e8b465ee728b)  -> (artifact id: '0a307582f869164e8c1afe3cb9feb8d7') in 0.013518 seconds
  Import took 0.021007 seconds .

========================================================================
Received Import Request.
  Time since last request: 4.478954 seconds.
  path: Assets/Paths/Waypoint (2).prefab
  artifactKey: Guid(2b06edd1152bf9a4da9e06367236c35a) Importer(815301076,1909f56bfc062723c751e8b465ee728b)
Start importing Assets/Paths/Waypoint (2).prefab using Guid(2b06edd1152bf9a4da9e06367236c35a) Importer(815301076,1909f56bfc062723c751e8b465ee728b)  -> (artifact id: '2ef07c47c8af9312240e91f99ef7d91d') in 0.016148 seconds
  Import took 0.024145 seconds .

========================================================================
Received Import Request.
  Time since last request: 25.239166 seconds.
  path: Assets/Paths/Waypoint (0) 1.prefab
  artifactKey: Guid(1f18ffdd606037c4aa41befd1fdae8e0) Importer(815301076,1909f56bfc062723c751e8b465ee728b)
Start importing Assets/Paths/Waypoint (0) 1.prefab using Guid(1f18ffdd606037c4aa41befd1fdae8e0) Importer(815301076,1909f56bfc062723c751e8b465ee728b)  -> (artifact id: 'e6dd2875151eb8ad7e27fe00d8c47022') in 0.019265 seconds
  Import took 0.026998 seconds .

========================================================================
Received Import Request.
  Time since last request: 16.452385 seconds.
  path: Assets/Paths/Waypoint (1).prefab
  artifactKey: Guid(1f18ffdd606037c4aa41befd1fdae8e0) Importer(815301076,1909f56bfc062723c751e8b465ee728b)
Start importing Assets/Paths/Waypoint (1).prefab using Guid(1f18ffdd606037c4aa41befd1fdae8e0) Importer(815301076,1909f56bfc062723c751e8b465ee728b)  -> (artifact id: '5970ca7989f20b048454656e25702bb9') in 0.012726 seconds
  Import took 0.017886 seconds .

========================================================================
Received Import Request.
  Time since last request: 45.407546 seconds.
  path: Assets/Prefabs/Enemy.prefab
  artifactKey: Guid(aac4506fe0f8b934e8398ad5f3e6a340) Importer(815301076,1909f56bfc062723c751e8b465ee728b)
Start importing Assets/Prefabs/Enemy.prefab using Guid(aac4506fe0f8b934e8398ad5f3e6a340) Importer(815301076,1909f56bfc062723c751e8b465ee728b)  -> (artifact id: 'ee1132c4c52bdf5b33e2f9297bbc35b5') in 0.020307 seconds
  Import took 0.024703 seconds .

========================================================================
Received Import Request.
  Time since last request: 338.920259 seconds.
  path: Assets/Prefabs/Enemy.prefab
  artifactKey: Guid(aac4506fe0f8b934e8398ad5f3e6a340) Importer(815301076,1909f56bfc062723c751e8b465ee728b)
Start importing Assets/Prefabs/Enemy.prefab using Guid(aac4506fe0f8b934e8398ad5f3e6a340) Importer(815301076,1909f56bfc062723c751e8b465ee728b)  -> (artifact id: '2cb0684281070d79a1911e83038393b6') in 0.022595 seconds
  Import took 0.028050 seconds .

========================================================================
Received Import Request.
  Time since last request: 41.315810 seconds.
  path: Assets/Paths/Waypoint (0).prefab
  artifactKey: Guid(ef553ab41fc8bc448b0d5b2ad371c5c7) Importer(815301076,1909f56bfc062723c751e8b465ee728b)
Start importing Assets/Paths/Waypoint (0).prefab using Guid(ef553ab41fc8bc448b0d5b2ad371c5c7) Importer(815301076,1909f56bfc062723c751e8b465ee728b)  -> (artifact id: '7fa9480b253eed2e1fd76476c6f6a082') in 0.009204 seconds
  Import took 0.020670 seconds .

========================================================================
Received Import Request.
  Time since last request: 1.139551 seconds.
  path: Assets/Paths/Waypoint (0).prefab
  artifactKey: Guid(ef553ab41fc8bc448b0d5b2ad371c5c7) Importer(815301076,1909f56bfc062723c751e8b465ee728b)
Start importing Assets/Paths/Waypoint (0).prefab using Guid(ef553ab41fc8bc448b0d5b2ad371c5c7) Importer(815301076,1909f56bfc062723c751e8b465ee728b)  -> (artifact id: '9620cc7a13c26d3ee1ed31e19a2f9a43') in 0.005939 seconds
  Import took 0.012084 seconds .

========================================================================
Received Import Request.
  Time since last request: 18.393048 seconds.
  path: Assets/Paths/Waypoint (2).prefab
  artifactKey: Guid(2b06edd1152bf9a4da9e06367236c35a) Importer(815301076,1909f56bfc062723c751e8b465ee728b)
Start importing Assets/Paths/Waypoint (2).prefab using Guid(2b06edd1152bf9a4da9e06367236c35a) Importer(815301076,1909f56bfc062723c751e8b465ee728b)  -> (artifact id: '2998855337f3fdc7ee2a58c76cbc7a3a') in 0.009342 seconds
  Import took 0.016539 seconds .

========================================================================
Received Import Request.
  Time since last request: 4.197185 seconds.
  path: Assets/Paths/Waypoint (2).prefab
  artifactKey: Guid(2b06edd1152bf9a4da9e06367236c35a) Importer(815301076,1909f56bfc062723c751e8b465ee728b)
Start importing Assets/Paths/Waypoint (2).prefab using Guid(2b06edd1152bf9a4da9e06367236c35a) Importer(815301076,1909f56bfc062723c751e8b465ee728b)  -> (artifact id: '50686d5cdb3b2166ec98855cdceb384b') in 0.006825 seconds
  Import took 0.014941 seconds .

========================================================================
Received Import Request.
  Time since last request: 14.981011 seconds.
  path: Assets/Paths/Waypoint (1).prefab
  artifactKey: Guid(1f18ffdd606037c4aa41befd1fdae8e0) Importer(815301076,1909f56bfc062723c751e8b465ee728b)
Start importing Assets/Paths/Waypoint (1).prefab using Guid(1f18ffdd606037c4aa41befd1fdae8e0) Importer(815301076,1909f56bfc062723c751e8b465ee728b)  -> (artifact id: '8e7f6f3d1ec0482eefc0b72817e9217d') in 0.009662 seconds
  Import took 0.017633 seconds .

========================================================================
Received Import Request.
  Time since last request: 1.954500 seconds.
  path: Assets/Paths/Waypoint (1).prefab
  artifactKey: Guid(1f18ffdd606037c4aa41befd1fdae8e0) Importer(815301076,1909f56bfc062723c751e8b465ee728b)
Start importing Assets/Paths/Waypoint (1).prefab using Guid(1f18ffdd606037c4aa41befd1fdae8e0) Importer(815301076,1909f56bfc062723c751e8b465ee728b)  -> (artifact id: 'd7a06a4d5fb723d5dd6149e84421549f') in 0.006751 seconds
  Import took 0.012498 seconds .

========================================================================
Received Prepare
Registering precompiled user dll's ...
Registered in 0.001913 seconds.
Begin MonoManager ReloadAssembly
Native extension for WindowsStandalone target not found
Refreshing native plugins compatible for Editor in 0.84 ms, found 1 plugins.
Preloading 0 native plugins for Editor in 0.00 ms.
Invoked RoslynAnalysisRunner static constructor.
RoslynAnalysisRunner will not be running.
RoslynAnalysisRunner has terminated.
Mono: successfully reloaded assembly
- Completed reload, in  1.928 seconds
Platform modules already initialized, skipping
Refreshing native plugins compatible for Editor in 0.82 ms, found 1 plugins.
Preloading 0 native plugins for Editor in 0.00 ms.
Unloading 1804 Unused Serialized files (Serialized files now loaded: 0)
System memory in use before: 88.1 MB.
System memory in use after: 88.1 MB.

Unloading 12 unused Assets to reduce memory usage. Loaded Objects now: 2371.
Total: 6.879900 ms (FindLiveObjects: 0.716200 ms CreateObjectMapping: 0.264400 ms MarkObjects: 5.572800 ms  DeleteObjects: 0.322600 ms)

========================================================================
Received Prepare
Registering precompiled user dll's ...
Registered in 0.001864 seconds.
Begin MonoManager ReloadAssembly
Native extension for WindowsStandalone target not found
Refreshing native plugins compatible for Editor in 0.84 ms, found 1 plugins.
Preloading 0 native plugins for Editor in 0.00 ms.
Invoked RoslynAnalysisRunner static constructor.
RoslynAnalysisRunner will not be running.
RoslynAnalysisRunner has terminated.
Mono: successfully reloaded assembly
- Completed reload, in  1.956 seconds
Platform modules already initialized, skipping
Refreshing native plugins compatible for Editor in 0.71 ms, found 1 plugins.
Preloading 0 native plugins for Editor in 0.00 ms.
Unloading 1804 Unused Serialized files (Serialized files now loaded: 0)
System memory in use before: 88.1 MB.
System memory in use after: 88.1 MB.

Unloading 12 unused Assets to reduce memory usage. Loaded Objects now: 2375.
Total: 3.579100 ms (FindLiveObjects: 0.379100 ms CreateObjectMapping: 0.129600 ms MarkObjects: 2.881700 ms  DeleteObjects: 0.186300 ms)

========================================================================
Received Import Request.
  Time since last request: 1172.820509 seconds.
  path: Assets/Prefabs/Enemy.prefab
  artifactKey: Guid(aac4506fe0f8b934e8398ad5f3e6a340) Importer(815301076,1909f56bfc062723c751e8b465ee728b)
Start importing Assets/Prefabs/Enemy.prefab using Guid(aac4506fe0f8b934e8398ad5f3e6a340) Importer(815301076,1909f56bfc062723c751e8b465ee728b)  -> (artifact id: 'bc83f6d243a06250c725efea813e96bc') in 0.122977 seconds
  Import took 0.129349 seconds .

========================================================================
Received Import Request.
  Time since last request: 44.215065 seconds.
  path: Assets/Paths/Waypoint (2) 1.prefab
  artifactKey: Guid(84c363803098d994ebf5163de11cdd78) Importer(815301076,1909f56bfc062723c751e8b465ee728b)
Start importing Assets/Paths/Waypoint (2) 1.prefab using Guid(84c363803098d994ebf5163de11cdd78) Importer(815301076,1909f56bfc062723c751e8b465ee728b)  -> (artifact id: 'd2a3949c8026830e08af338b3dfa9f06') in 0.014643 seconds
  Import took 0.019604 seconds .

========================================================================
Received Import Request.
  Time since last request: 7.248588 seconds.
  path: Assets/Paths/Waypoint 100.prefab
  artifactKey: Guid(84c363803098d994ebf5163de11cdd78) Importer(815301076,1909f56bfc062723c751e8b465ee728b)
Start importing Assets/Paths/Waypoint 100.prefab using Guid(84c363803098d994ebf5163de11cdd78) Importer(815301076,1909f56bfc062723c751e8b465ee728b)  -> (artifact id: 'de683a78dfb8a4365b551b52f622e839') in 0.018398 seconds
  Import took 0.025858 seconds .

========================================================================
Received Import Request.
  Time since last request: 0.006300 seconds.
  path: Assets/Paths/Waypoint 100.prefab
  artifactKey: Guid(84c363803098d994ebf5163de11cdd78) Importer(815301076,1909f56bfc062723c751e8b465ee728b)
Start importing Assets/Paths/Waypoint 100.prefab using Guid(84c363803098d994ebf5163de11cdd78) Importer(815301076,1909f56bfc062723c751e8b465ee728b)  -> (artifact id: 'de683a78dfb8a4365b551b52f622e839') in 0.008158 seconds
  Import took 0.016670 seconds .

========================================================================
Received Prepare
Registering precompiled user dll's ...
Registered in 0.001758 seconds.
Begin MonoManager ReloadAssembly
Native extension for WindowsStandalone target not found
Refreshing native plugins compatible for Editor in 0.87 ms, found 1 plugins.
Preloading 0 native plugins for Editor in 0.00 ms.
Invoked RoslynAnalysisRunner static constructor.
RoslynAnalysisRunner will not be running.
RoslynAnalysisRunner has terminated.
Mono: successfully reloaded assembly
- Completed reload, in  1.904 seconds
Platform modules already initialized, skipping
Refreshing native plugins compatible for Editor in 0.84 ms, found 1 plugins.
Preloading 0 native plugins for Editor in 0.00 ms.
Unloading 1804 Unused Serialized files (Serialized files now loaded: 0)
System memory in use before: 88.1 MB.
System memory in use after: 88.1 MB.

Unloading 12 unused Assets to reduce memory usage. Loaded Objects now: 2380.
Total: 6.213300 ms (FindLiveObjects: 0.690700 ms CreateObjectMapping: 0.195200 ms MarkObjects: 4.998200 ms  DeleteObjects: 0.323900 ms)

========================================================================
Received Import Request.
  Time since last request: 170.217708 seconds.
  path: Assets/Prefabs/Enemy.prefab
  artifactKey: Guid(aac4506fe0f8b934e8398ad5f3e6a340) Importer(815301076,1909f56bfc062723c751e8b465ee728b)
Start importing Assets/Prefabs/Enemy.prefab using Guid(aac4506fe0f8b934e8398ad5f3e6a340) Importer(815301076,1909f56bfc062723c751e8b465ee728b)  -> (artifact id: '1707396e76533a813ce55a5c0020d1e4') in 0.148303 seconds
  Import took 0.169005 seconds .

========================================================================
Received Prepare
Registering precompiled user dll's ...
Registered in 0.001758 seconds.
Begin MonoManager ReloadAssembly
Native extension for WindowsStandalone target not found
Refreshing native plugins compatible for Editor in 1.00 ms, found 1 plugins.
Preloading 0 native plugins for Editor in 0.00 ms.
Invoked RoslynAnalysisRunner static constructor.
RoslynAnalysisRunner will not be running.
RoslynAnalysisRunner has terminated.
Mono: successfully reloaded assembly
- Completed reload, in  1.931 seconds
Platform modules already initialized, skipping
Refreshing native plugins compatible for Editor in 0.84 ms, found 1 plugins.
Preloading 0 native plugins for Editor in 0.00 ms.
Unloading 1804 Unused Serialized files (Serialized files now loaded: 0)
System memory in use before: 88.1 MB.
System memory in use after: 88.1 MB.

Unloading 12 unused Assets to reduce memory usage. Loaded Objects now: 2385.
Total: 6.405000 ms (FindLiveObjects: 0.708400 ms CreateObjectMapping: 0.189600 ms MarkObjects: 5.140200 ms  DeleteObjects: 0.361900 ms)

========================================================================
Received Import Request.
  Time since last request: 12.253934 seconds.
  path: Assets/Prefabs/Enemy.prefab
  artifactKey: Guid(aac4506fe0f8b934e8398ad5f3e6a340) Importer(815301076,1909f56bfc062723c751e8b465ee728b)
Start importing Assets/Prefabs/Enemy.prefab using Guid(aac4506fe0f8b934e8398ad5f3e6a340) Importer(815301076,1909f56bfc062723c751e8b465ee728b)  -> (artifact id: '624f0af4ef61443e715bdcdd8da29b2e') in 0.143069 seconds
  Import took 0.161765 seconds .

========================================================================
Received Import Request.
  Time since last request: 2.311817 seconds.
  path: Assets/Prefabs/Enemy.prefab
  artifactKey: Guid(aac4506fe0f8b934e8398ad5f3e6a340) Importer(815301076,1909f56bfc062723c751e8b465ee728b)
Start importing Assets/Prefabs/Enemy.prefab using Guid(aac4506fe0f8b934e8398ad5f3e6a340) Importer(815301076,1909f56bfc062723c751e8b465ee728b)  -> (artifact id: '46740be3b57fcf175c4047adb1e73ba9') in 0.034446 seconds
  Import took 0.046682 seconds .

========================================================================
Received Import Request.
  Time since last request: 0.008207 seconds.
  path: Assets/Prefabs/Enemy.prefab
  artifactKey: Guid(aac4506fe0f8b934e8398ad5f3e6a340) Importer(815301076,1909f56bfc062723c751e8b465ee728b)
Start importing Assets/Prefabs/Enemy.prefab using Guid(aac4506fe0f8b934e8398ad5f3e6a340) Importer(815301076,1909f56bfc062723c751e8b465ee728b)  -> (artifact id: '46740be3b57fcf175c4047adb1e73ba9') in 0.037935 seconds
  Import took 0.046681 seconds .

========================================================================
Received Prepare
Registering precompiled user dll's ...
Registered in 0.001772 seconds.
Begin MonoManager ReloadAssembly
Native extension for WindowsStandalone target not found
Refreshing native plugins compatible for Editor in 1.07 ms, found 1 plugins.
Preloading 0 native plugins for Editor in 0.00 ms.
Invoked RoslynAnalysisRunner static constructor.
RoslynAnalysisRunner will not be running.
RoslynAnalysisRunner has terminated.
Mono: successfully reloaded assembly
- Completed reload, in  1.869 seconds
Platform modules already initialized, skipping
Refreshing native plugins compatible for Editor in 1.03 ms, found 1 plugins.
Preloading 0 native plugins for Editor in 0.00 ms.
Unloading 1804 Unused Serialized files (Serialized files now loaded: 0)
System memory in use before: 88.1 MB.
System memory in use after: 88.1 MB.

Unloading 12 unused Assets to reduce memory usage. Loaded Objects now: 2390.
Total: 6.746300 ms (FindLiveObjects: 0.503300 ms CreateObjectMapping: 0.080700 ms MarkObjects: 5.796100 ms  DeleteObjects: 0.362600 ms)

========================================================================
Received Prepare
Registering precompiled user dll's ...
Registered in 0.002078 seconds.
Begin MonoManager ReloadAssembly
Native extension for WindowsStandalone target not found
Refreshing native plugins compatible for Editor in 1.30 ms, found 1 plugins.
Preloading 0 native plugins for Editor in 0.00 ms.
Invoked RoslynAnalysisRunner static constructor.
RoslynAnalysisRunner will not be running.
RoslynAnalysisRunner has terminated.
Mono: successfully reloaded assembly
- Completed reload, in  2.048 seconds
Platform modules already initialized, skipping
Refreshing native plugins compatible for Editor in 0.88 ms, found 1 plugins.
Preloading 0 native plugins for Editor in 0.00 ms.
Unloading 1804 Unused Serialized files (Serialized files now loaded: 0)
System memory in use before: 88.2 MB.
System memory in use after: 88.2 MB.

Unloading 12 unused Assets to reduce memory usage. Loaded Objects now: 2394.
Total: 5.561700 ms (FindLiveObjects: 0.483800 ms CreateObjectMapping: 0.134400 ms MarkObjects: 4.629200 ms  DeleteObjects: 0.311200 ms)

========================================================================
Received Import Request.
  Time since last request: 3422.510577 seconds.
  path: Assets/Scripts/WaveConfig.cs
  artifactKey: Guid(ae975ffe0ad226e4fb73d63602599984) Importer(815301076,1909f56bfc062723c751e8b465ee728b)
Start importing Assets/Scripts/WaveConfig.cs using Guid(ae975ffe0ad226e4fb73d63602599984) Importer(815301076,1909f56bfc062723c751e8b465ee728b)  -> (artifact id: '0d680363b936569b96f43a898f8e25f6') in 0.024862 seconds
  Import took 0.032940 seconds .

========================================================================
Received Prepare
Registering precompiled user dll's ...
Registered in 0.001842 seconds.
Begin MonoManager ReloadAssembly
Native extension for WindowsStandalone target not found
Refreshing native plugins compatible for Editor in 0.88 ms, found 1 plugins.
Preloading 0 native plugins for Editor in 0.00 ms.
Invoked RoslynAnalysisRunner static constructor.
RoslynAnalysisRunner will not be running.
RoslynAnalysisRunner has terminated.
Mono: successfully reloaded assembly
- Completed reload, in  1.879 seconds
Platform modules already initialized, skipping
Refreshing native plugins compatible for Editor in 1.13 ms, found 1 plugins.
Preloading 0 native plugins for Editor in 0.00 ms.
Unloading 1805 Unused Serialized files (Serialized files now loaded: 0)
System memory in use before: 88.2 MB.
System memory in use after: 88.2 MB.

Unloading 12 unused Assets to reduce memory usage. Loaded Objects now: 2399.
Total: 7.410900 ms (FindLiveObjects: 0.868700 ms CreateObjectMapping: 0.235900 ms MarkObjects: 5.944900 ms  DeleteObjects: 0.357600 ms)

========================================================================
Received Prepare
Registering precompiled user dll's ...
Registered in 0.002619 seconds.
Begin MonoManager ReloadAssembly
Native extension for WindowsStandalone target not found
Refreshing native plugins compatible for Editor in 0.93 ms, found 1 plugins.
Preloading 0 native plugins for Editor in 0.00 ms.
Invoked RoslynAnalysisRunner static constructor.
RoslynAnalysisRunner will not be running.
RoslynAnalysisRunner has terminated.
Mono: successfully reloaded assembly
- Completed reload, in  2.103 seconds
Platform modules already initialized, skipping
Refreshing native plugins compatible for Editor in 0.94 ms, found 1 plugins.
Preloading 0 native plugins for Editor in 0.00 ms.
Unloading 1805 Unused Serialized files (Serialized files now loaded: 0)
System memory in use before: 88.2 MB.
System memory in use after: 88.2 MB.

Unloading 12 unused Assets to reduce memory usage. Loaded Objects now: 2403.
Total: 5.463000 ms (FindLiveObjects: 0.475200 ms CreateObjectMapping: 0.144000 ms MarkObjects: 4.531800 ms  DeleteObjects: 0.309700 ms)

========================================================================
Received Import Request.
  Time since last request: 144.405188 seconds.
  path: Assets/Scripts/WaveConfig.cs
  artifactKey: Guid(ae975ffe0ad226e4fb73d63602599984) Importer(815301076,1909f56bfc062723c751e8b465ee728b)
Start importing Assets/Scripts/WaveConfig.cs using Guid(ae975ffe0ad226e4fb73d63602599984) Importer(815301076,1909f56bfc062723c751e8b465ee728b)  -> (artifact id: '14df5560f010765ec8e6c28985f56e74') in 0.011866 seconds
  Import took 0.019802 seconds .

========================================================================
Received Import Request.
  Time since last request: 25.478688 seconds.
  path: Assets/Scripts/Wave 1.asset
  artifactKey: Guid(ef9a9a6535d07f743bd654368031f7c1) Importer(815301076,1909f56bfc062723c751e8b465ee728b)
Start importing Assets/Scripts/Wave 1.asset using Guid(ef9a9a6535d07f743bd654368031f7c1) Importer(815301076,1909f56bfc062723c751e8b465ee728b)  -> (artifact id: '193f1f7cb9b4ca8c1371080a47dbb35d') in 0.033831 seconds
  Import took 0.042490 seconds .

========================================================================
Received Import Request.
  Time since last request: 0.002688 seconds.
  path: Assets/Scripts/Wave 1.asset
  artifactKey: Guid(ef9a9a6535d07f743bd654368031f7c1) Importer(815301076,1909f56bfc062723c751e8b465ee728b)
Start importing Assets/Scripts/Wave 1.asset using Guid(ef9a9a6535d07f743bd654368031f7c1) Importer(815301076,1909f56bfc062723c751e8b465ee728b)  -> (artifact id: '193f1f7cb9b4ca8c1371080a47dbb35d') in 0.005915 seconds
  Import took 0.012941 seconds .

========================================================================
Received Import Request.
  Time since last request: 25.109005 seconds.
  path: Assets/Waves
  artifactKey: Guid(b38d1b8694c33474a9fa89b4d2b02920) Importer(815301076,1909f56bfc062723c751e8b465ee728b)
Start importing Assets/Waves using Guid(b38d1b8694c33474a9fa89b4d2b02920) Importer(815301076,1909f56bfc062723c751e8b465ee728b)  -> (artifact id: 'be5111839929f1dd3521ddae16e15591') in 0.019730 seconds
  Import took 0.028569 seconds .

========================================================================
Received Prepare
Registering precompiled user dll's ...
Registered in 0.002455 seconds.
Begin MonoManager ReloadAssembly
Native extension for WindowsStandalone target not found
Refreshing native plugins compatible for Editor in 0.90 ms, found 1 plugins.
Preloading 0 native plugins for Editor in 0.00 ms.
Invoked RoslynAnalysisRunner static constructor.
RoslynAnalysisRunner will not be running.
RoslynAnalysisRunner has terminated.
Mono: successfully reloaded assembly
- Completed reload, in  2.038 seconds
Platform modules already initialized, skipping
Refreshing native plugins compatible for Editor in 0.86 ms, found 1 plugins.
Preloading 0 native plugins for Editor in 0.00 ms.
Unloading 1805 Unused Serialized files (Serialized files now loaded: 0)
System memory in use before: 88.2 MB.
System memory in use after: 88.2 MB.

Unloading 12 unused Assets to reduce memory usage. Loaded Objects now: 2407.
Total: 7.119600 ms (FindLiveObjects: 1.107800 ms CreateObjectMapping: 0.542100 ms MarkObjects: 5.162100 ms  DeleteObjects: 0.304200 ms)

========================================================================
Received Import Request.
  Time since last request: 631.943667 seconds.
  path: Assets/Waves/Wave 1.asset
  artifactKey: Guid(ef9a9a6535d07f743bd654368031f7c1) Importer(815301076,1909f56bfc062723c751e8b465ee728b)
Start importing Assets/Waves/Wave 1.asset using Guid(ef9a9a6535d07f743bd654368031f7c1) Importer(815301076,1909f56bfc062723c751e8b465ee728b)  -> (artifact id: '9873a15e81c593351caa94af2520d6d0') in 0.039153 seconds
  Import took 0.050574 seconds .

========================================================================
Received Prepare
Registering precompiled user dll's ...
Registered in 0.001738 seconds.
Begin MonoManager ReloadAssembly
Native extension for WindowsStandalone target not found
Refreshing native plugins compatible for Editor in 0.87 ms, found 1 plugins.
Preloading 0 native plugins for Editor in 0.00 ms.
Invoked RoslynAnalysisRunner static constructor.
RoslynAnalysisRunner will not be running.
RoslynAnalysisRunner has terminated.
Mono: successfully reloaded assembly
- Completed reload, in  2.144 seconds
Platform modules already initialized, skipping
Refreshing native plugins compatible for Editor in 0.88 ms, found 1 plugins.
Preloading 0 native plugins for Editor in 0.00 ms.
Unloading 1805 Unused Serialized files (Serialized files now loaded: 0)
System memory in use before: 88.2 MB.
System memory in use after: 88.2 MB.

Unloading 12 unused Assets to reduce memory usage. Loaded Objects now: 2411.
Total: 5.965500 ms (FindLiveObjects: 0.482600 ms CreateObjectMapping: 0.127800 ms MarkObjects: 4.960100 ms  DeleteObjects: 0.390500 ms)

========================================================================
Received Prepare
Registering precompiled user dll's ...
Registered in 0.002648 seconds.
Begin MonoManager ReloadAssembly
Native extension for WindowsStandalone target not found
Refreshing native plugins compatible for Editor in 0.89 ms, found 1 plugins.
Preloading 0 native plugins for Editor in 0.00 ms.
Invoked RoslynAnalysisRunner static constructor.
RoslynAnalysisRunner will not be running.
RoslynAnalysisRunner has terminated.
Mono: successfully reloaded assembly
- Completed reload, in  2.052 seconds
Platform modules already initialized, skipping
Refreshing native plugins compatible for Editor in 0.90 ms, found 1 plugins.
Preloading 0 native plugins for Editor in 0.00 ms.
Unloading 1805 Unused Serialized files (Serialized files now loaded: 0)
System memory in use before: 88.2 MB.
System memory in use after: 88.2 MB.

Unloading 12 unused Assets to reduce memory usage. Loaded Objects now: 2415.
Total: 6.591100 ms (FindLiveObjects: 1.211300 ms CreateObjectMapping: 0.257000 ms MarkObjects: 4.801400 ms  DeleteObjects: 0.317900 ms)

========================================================================
Received Import Request.
  Time since last request: 2666.592667 seconds.
  path: Assets/Paths/Path (0).prefab
  artifactKey: Guid(492767902ede9ad4b9a1b4e1bcdaa180) Importer(815301076,1909f56bfc062723c751e8b465ee728b)
Start importing Assets/Paths/Path (0).prefab using Guid(492767902ede9ad4b9a1b4e1bcdaa180) Importer(815301076,1909f56bfc062723c751e8b465ee728b)  -> (artifact id: '812e502c72d6992df9df8e7110a7630e') in 0.075765 seconds
  Import took 0.084197 seconds .

========================================================================
Received Import Request.
  Time since last request: 111.949044 seconds.
  path: Assets/Paths/Path (1).prefab
  artifactKey: Guid(22425bb7b0de5c44c9960e5796d68968) Importer(815301076,1909f56bfc062723c751e8b465ee728b)
Start importing Assets/Paths/Path (1).prefab using Guid(22425bb7b0de5c44c9960e5796d68968) Importer(815301076,1909f56bfc062723c751e8b465ee728b)  -> (artifact id: '0e6a8284e3c8ba20efe740102b4b30c4') in 0.022173 seconds
  Import took 0.031158 seconds .

========================================================================
Received Import Request.
  Time since last request: 96.352998 seconds.
  path: Assets/Waves/Wave 1 - Copy.asset
  artifactKey: Guid(734879e5e9d29624c9256cd830af29a7) Importer(815301076,1909f56bfc062723c751e8b465ee728b)
Start importing Assets/Waves/Wave 1 - Copy.asset using Guid(734879e5e9d29624c9256cd830af29a7) Importer(815301076,1909f56bfc062723c751e8b465ee728b)  -> (artifact id: 'da00312322fb6212c71b632c7addb875') in 0.031993 seconds
  Import took 0.042480 seconds .

========================================================================
Received Import Request.
  Time since last request: 0.020979 seconds.
  path: Assets/Waves/Wave 1 - Copy.asset
  artifactKey: Guid(734879e5e9d29624c9256cd830af29a7) Importer(815301076,1909f56bfc062723c751e8b465ee728b)
Start importing Assets/Waves/Wave 1 - Copy.asset using Guid(734879e5e9d29624c9256cd830af29a7) Importer(815301076,1909f56bfc062723c751e8b465ee728b)  -> (artifact id: 'da00312322fb6212c71b632c7addb875') in 0.011577 seconds
  Import took 0.019950 seconds .

========================================================================
Received Import Request.
  Time since last request: 13.776084 seconds.
  path: Assets/Waves/Wave 2.asset
  artifactKey: Guid(734879e5e9d29624c9256cd830af29a7) Importer(815301076,1909f56bfc062723c751e8b465ee728b)
Start importing Assets/Waves/Wave 2.asset using Guid(734879e5e9d29624c9256cd830af29a7) Importer(815301076,1909f56bfc062723c751e8b465ee728b)  -> (artifact id: '81cf37a62d58435e8517d8706065ac38') in 0.020241 seconds
  Import took 0.027258 seconds .

========================================================================
Received Import Request.
  Time since last request: 29.341795 seconds.
  path: Assets/Waves/Wave 2.asset
  artifactKey: Guid(734879e5e9d29624c9256cd830af29a7) Importer(815301076,1909f56bfc062723c751e8b465ee728b)
Start importing Assets/Waves/Wave 2.asset using Guid(734879e5e9d29624c9256cd830af29a7) Importer(815301076,1909f56bfc062723c751e8b465ee728b)  -> (artifact id: 'ad7bc0408fa8a5dc567bc7ab645917cf') in 0.011994 seconds
  Import took 0.030574 seconds .

AssetImportWorkerClient::OnTransportError - code=2 error=End of file
